2025-02-22 16:46:00 INFO  Main:35 - saved data reading
2025-02-22 16:46:00 INFO  Main:40 - application start
2025-02-22 16:46:00 INFO  Controller:74 - Main controller initializing
2025-02-22 16:46:09 INFO  NewEditController:89 - new/edit window initializing
2025-02-22 16:46:36 INFO  NewEditController:89 - new/edit window initializing
2025-02-22 16:47:33 INFO  NewEditController:89 - new/edit window initializing
2025-03-09 12:30:00 INFO  Main:35 - saved data reading
2025-03-09 12:30:00 INFO  Main:40 - application start
2025-03-09 12:30:00 INFO  Controller:74 - Main controller initializing
2025-03-15 19:08:49 INFO  Main:35 - saved data reading
2025-03-15 19:08:49 INFO  Main:40 - application start
2025-03-15 19:08:50 INFO  Controller:74 - Main controller initializing
2025-03-15 19:11:37 INFO  Main:35 - saved data reading
2025-03-15 19:11:37 INFO  Main:40 - application start
2025-03-15 19:11:38 INFO  Controller:74 - Main controller initializing
2025-03-15 19:11:40 INFO  NewEditController:89 - new/edit window initializing
2025-03-15 19:11:44 INFO  NewEditController:89 - new/edit window initializing
2025-03-15 19:12:05 INFO  TaskInfoController:24 - task info window initializing
2025-03-15 19:16:07 INFO  Main:35 - saved data reading
2025-03-15 19:16:07 INFO  Main:40 - application start
2025-03-15 19:16:07 INFO  Controller:74 - Main controller initializing
2025-03-15 19:16:18 INFO  NewEditController:89 - new/edit window initializing
2025-03-15 19:16:39 INFO  NewEditController:89 - new/edit window initializing
2025-03-15 19:17:33 INFO  NewEditController:89 - new/edit window initializing
2025-03-15 19:20:32 INFO  NewEditController:89 - new/edit window initializing
2025-03-15 19:21:37 INFO  TaskInfoController:24 - task info window initializing
2025-03-15 19:21:37 ERROR Controller:127 - error loading task-info.fxml
2025-03-15 19:21:38 INFO  TaskInfoController:24 - task info window initializing
2025-03-15 19:21:38 ERROR Controller:127 - error loading task-info.fxml
2025-03-15 19:21:39 INFO  TaskInfoController:24 - task info window initializing
2025-03-15 19:21:39 ERROR Controller:127 - error loading task-info.fxml
2025-03-15 19:21:39 INFO  TaskInfoController:24 - task info window initializing
2025-03-15 19:21:39 ERROR Controller:127 - error loading task-info.fxml
2025-03-15 19:21:46 INFO  TaskInfoController:24 - task info window initializing
2025-03-15 19:21:46 ERROR Controller:127 - error loading task-info.fxml
2025-03-15 19:21:49 INFO  TaskInfoController:24 - task info window initializing
2025-03-15 19:21:57 INFO  TaskInfoController:24 - task info window initializing
2025-03-15 19:22:09 INFO  TaskInfoController:24 - task info window initializing
2025-03-15 19:23:48 INFO  TaskInfoController:24 - task info window initializing
2025-03-15 19:23:55 INFO  TaskInfoController:24 - task info window initializing
2025-03-15 19:31:03 INFO  NewEditController:89 - new/edit window initializing
2025-03-15 19:33:26 INFO  NewEditController:89 - new/edit window initializing
2025-03-15 19:33:59 INFO  TaskInfoController:24 - task info window initializing
2025-03-15 19:33:59 ERROR Controller:127 - error loading task-info.fxml
2025-03-15 19:34:01 INFO  TaskInfoController:24 - task info window initializing
2025-03-15 19:48:38 INFO  TaskInfoController:24 - task info window initializing
2025-03-15 19:51:09 INFO  Main:35 - saved data reading
2025-03-15 19:51:09 INFO  Main:40 - application start
2025-03-15 19:51:09 INFO  Controller:74 - Main controller initializing
2025-03-15 19:56:31 INFO  NewEditController:89 - new/edit window initializing
2025-03-15 19:57:40 INFO  NewEditController:89 - new/edit window initializing
2025-03-15 19:58:43 INFO  NewEditController:89 - new/edit window initializing
2025-03-15 20:06:33 INFO  NewEditController:89 - new/edit window initializing
2025-03-15 20:10:24 INFO  NewEditController:89 - new/edit window initializing
2025-03-15 20:11:29 INFO  NewEditController:89 - new/edit window initializing
2025-03-15 20:11:41 ERROR Task:40 - interval < than 1
2025-03-15 20:11:46 ERROR Task:40 - interval < than 1
2025-03-15 20:12:38 INFO  NewEditController:89 - new/edit window initializing
2025-03-15 20:12:40 INFO  NewEditController:89 - new/edit window initializing
2025-03-15 20:12:43 INFO  NewEditController:89 - new/edit window initializing
2025-03-15 21:45:08 INFO  Main:35 - saved data reading
2025-03-15 21:45:08 INFO  Main:40 - application start
2025-03-15 21:45:08 INFO  Controller:74 - Main controller initializing
2025-03-15 21:45:17 INFO  Main:35 - saved data reading
2025-03-15 21:45:43 INFO  Main:40 - application start
2025-03-15 21:45:43 INFO  Controller:74 - Main controller initializing
2025-03-15 21:45:47 INFO  NewEditController:89 - new/edit window initializing
2025-03-15 21:57:48 INFO  Main:35 - saved data reading
2025-03-15 21:57:48 INFO  Main:40 - application start
2025-03-15 21:57:48 INFO  Controller:74 - Main controller initializing
2025-03-15 21:57:50 INFO  NewEditController:89 - new/edit window initializing
2025-03-15 21:58:15 INFO  NewEditController:89 - new/edit window initializing
2025-03-15 21:58:30 INFO  TaskInfoController:24 - task info window initializing
2025-03-15 21:58:51 INFO  NewEditController:89 - new/edit window initializing
2025-03-15 22:40:20 INFO  Main:35 - saved data reading
2025-03-15 22:40:20 ERROR TaskIO:94 - IO exception reading or writing file
2025-03-15 22:40:20 INFO  Main:40 - application start
2025-03-15 22:40:20 INFO  Controller:74 - Main controller initializing
2025-03-15 22:40:25 INFO  TaskInfoController:24 - task info window initializing
2025-03-15 22:40:25 ERROR Controller:127 - error loading task-info.fxml
2025-03-15 22:40:27 INFO  TaskInfoController:24 - task info window initializing
2025-03-15 22:40:33 INFO  TaskInfoController:24 - task info window initializing
2025-03-15 22:40:49 INFO  TaskInfoController:24 - task info window initializing
2025-03-15 23:00:38 INFO  Main:35 - saved data reading
2025-03-15 23:00:38 INFO  Main:40 - application start
2025-03-15 23:00:38 INFO  Controller:74 - Main controller initializing
2025-03-17 22:46:34 INFO  Main:50 - saved data reading
2025-03-17 22:46:34 INFO  Main:55 - application start
2025-03-17 22:46:34 INFO  Controller:94 - Main controller initializing
2025-03-17 22:50:59 INFO  Main:50 - saved data reading
2025-03-17 22:50:59 INFO  Main:55 - application start
2025-03-17 22:50:59 INFO  Controller:94 - Main controller initializing
